Using pre-set license
Built from '2021.1/staging' branch; Version is '2021.1.12f1 (afcadd793de6) revision 11520733'; Using compiler version '192528614'; Build Type 'Release'
OS: 'Windows 10 Enterprise N; OS build 19042.1586; Version 2009; 64bit' Language: 'en' Physical Memory: 16310 MB
BatchMode: 1, IsHumanControllingUs: 0, StartBugReporterOnCrash: 0, Is64bit: 1, IsPro: 0

 COMMAND LINE ARGUMENTS:
C:\Program Files\Unity\Hub\Editor\2021.1.12f1\Editor\Unity.exe
-adb2
-batchMode
-noUpm
-name
AssetImportWorker0
-projectPath
C:/Users/s4002577/Documents/GitHub/Easter-Jam/Take A Load Off lite
-logFile
Logs/AssetImportWorker0.log
-srvPort
51736
Successfully changed project path to: C:/Users/s4002577/Documents/GitHub/Easter-Jam/Take A Load Off lite
C:/Users/s4002577/Documents/GitHub/Easter-Jam/Take A Load Off lite
Using Asset Import Pipeline V2.
Refreshing native plugins compatible for Editor in 94.84 ms, found 3 plugins.
Preloading 0 native plugins for Editor in 0.00 ms.
Initialize engine version: 2021.1.12f1 (afcadd793de6)
[Subsystems] Discovering subsystems at path C:/Program Files/Unity/Hub/Editor/2021.1.12f1/Editor/Data/Resources/UnitySubsystems
[Subsystems] Discovering subsystems at path C:/Users/s4002577/Documents/GitHub/Easter-Jam/Take A Load Off lite/Assets
GfxDevice: creating device client; threaded=0; jobified=0
Direct3D:
    Version:  Direct3D 11.0 [level 11.1]
    Renderer: NVIDIA GeForce GTX 1050 Ti (ID=0x1c82)
    Vendor:   NVIDIA
    VRAM:     4018 MB
    Driver:   30.0.14.7141
Initialize mono
Mono path[0] = 'C:/Program Files/Unity/Hub/Editor/2021.1.12f1/Editor/Data/Managed'
Mono path[1] = 'C:/Program Files/Unity/Hub/Editor/2021.1.12f1/Editor/Data/MonoBleedingEdge/lib/mono/unityjit'
Mono config path = 'C:/Program Files/Unity/Hub/Editor/2021.1.12f1/Editor/Data/MonoBleedingEdge/etc'
Using monoOptions --debugger-agent=transport=dt_socket,embedding=1,server=y,suspend=n,address=127.0.0.1:56800
Begin MonoManager ReloadAssembly
Registering precompiled unity dll's ...
Register platform support module: C:/Program Files/Unity/Hub/Editor/2021.1.12f1/Editor/Data/PlaybackEngines/WebGLSupport/UnityEditor.WebGL.Extensions.dll
Register platform support module: C:/Program Files/Unity/Hub/Editor/2021.1.12f1/Editor/Data/PlaybackEngines/MacStandaloneSupport/UnityEditor.OSXStandalone.Extensions.dll
Register platform support module: C:/Program Files/Unity/Hub/Editor/2021.1.12f1/Editor/Data/PlaybackEngines/WindowsStandaloneSupport/UnityEditor.WindowsStandalone.Extensions.dll
Register platform support module: C:/Program Files/Unity/Hub/Editor/2021.1.12f1/Editor/Data/PlaybackEngines/LinuxStandaloneSupport/UnityEditor.LinuxStandalone.Extensions.dll
Register platform support module: C:/Program Files/Unity/Hub/Editor/2021.1.12f1/Editor/Data/PlaybackEngines/LuminSupport/UnityEditor.Lumin.Extensions.dll
Registered in 0.007232 seconds.
Native extension for Lumin target not found
Native extension for LinuxStandalone target not found
Native extension for WindowsStandalone target not found
Native extension for OSXStandalone target not found
Native extension for WebGL target not found
Refreshing native plugins compatible for Editor in 79.82 ms, found 3 plugins.
Preloading 0 native plugins for Editor in 0.00 ms.
Mono: successfully reloaded assembly
- Completed reload, in  3.290 seconds
Domain Reload Profiling:
	ReloadAssembly (3290ms)
		BeginReloadAssembly (139ms)
			ExecutionOrderSort (0ms)
			DisableScriptedObjects (0ms)
			BackupInstance (0ms)
			ReleaseScriptingObjects (0ms)
			CreateAndSetChildDomain (1ms)
		EndReloadAssembly (539ms)
			LoadAssemblies (142ms)
			RebuildTransferFunctionScriptingTraits (0ms)
			SetupTypeCache (194ms)
			ReleaseScriptCaches (0ms)
			RebuildScriptCaches (37ms)
			SetupLoadedEditorAssemblies (250ms)
				LogAssemblyErrors (0ms)
				InitializePlatformSupportModulesInManaged (10ms)
				SetLoadedEditorAssemblies (0ms)
				RefreshPlugins (80ms)
				BeforeProcessingInitializeOnLoad (3ms)
				ProcessInitializeOnLoadAttributes (117ms)
				ProcessInitializeOnLoadMethodAttributes (40ms)
				AfterProcessingInitializeOnLoad (0ms)
				EditorAssembliesLoaded (0ms)
			ExecutionOrderSort2 (0ms)
			AwakeInstancesAfterBackupRestoration (0ms)
Platform modules already initialized, skipping
Registering precompiled user dll's ...
Registered in 0.019524 seconds.
Begin MonoManager ReloadAssembly
Symbol file LoadedFromMemory doesn't match image C:\Users\s4002577\Documents\GitHub\Easter-Jam\Take A Load Off lite\Library\PackageCache\com.unity.visualscripting@1.6.1\Editor\VisualScripting.Core\Dependencies\YamlDotNet\Unity.VisualScripting.YamlDotNet.dll
Symbol file LoadedFromMemory doesn't match image C:\Users\s4002577\Documents\GitHub\Easter-Jam\Take A Load Off lite\Library\PackageCache\com.unity.visualscripting@1.6.1\Editor\VisualScripting.Core\Dependencies\DotNetZip\Unity.VisualScripting.IonicZip.dll
Native extension for Lumin target not found
Native extension for LinuxStandalone target not found
Native extension for WindowsStandalone target not found
Native extension for OSXStandalone target not found
Native extension for WebGL target not found
Refreshing native plugins compatible for Editor in 0.62 ms, found 3 plugins.
Preloading 0 native plugins for Editor in 0.00 ms.
Mono: successfully reloaded assembly
- Completed reload, in  1.387 seconds
Domain Reload Profiling:
	ReloadAssembly (1387ms)
		BeginReloadAssembly (255ms)
			ExecutionOrderSort (0ms)
			DisableScriptedObjects (4ms)
			BackupInstance (0ms)
			ReleaseScriptingObjects (0ms)
			CreateAndSetChildDomain (26ms)
		EndReloadAssembly (1052ms)
			LoadAssemblies (217ms)
			RebuildTransferFunctionScriptingTraits (0ms)
			SetupTypeCache (388ms)
			ReleaseScriptCaches (1ms)
			RebuildScriptCaches (61ms)
			SetupLoadedEditorAssemblies (362ms)
				LogAssemblyErrors (0ms)
				InitializePlatformSupportModulesInManaged (9ms)
				SetLoadedEditorAssemblies (0ms)
				RefreshPlugins (1ms)
				BeforeProcessingInitializeOnLoad (84ms)
				ProcessInitializeOnLoadAttributes (254ms)
				ProcessInitializeOnLoadMethodAttributes (4ms)
				AfterProcessingInitializeOnLoad (9ms)
				EditorAssembliesLoaded (0ms)
			ExecutionOrderSort2 (0ms)
			AwakeInstancesAfterBackupRestoration (7ms)
Platform modules already initialized, skipping
========================================================================
Worker process is ready to serve import requests
Launched and connected shader compiler UnityShaderCompiler.exe after 0.10 seconds
Refreshing native plugins compatible for Editor in 0.67 ms, found 3 plugins.
Preloading 0 native plugins for Editor in 0.00 ms.
Unloading 2941 Unused Serialized files (Serialized files now loaded: 0)
System memory in use before: 105.6 MB.
System memory in use after: 105.8 MB.

Unloading 23 unused Assets to reduce memory usage. Loaded Objects now: 3385.
Total: 3.362600 ms (FindLiveObjects: 0.256500 ms CreateObjectMapping: 0.134000 ms MarkObjects: 2.819100 ms  DeleteObjects: 0.152100 ms)

AssetImportParameters requested are different than current active one (requested -> active):
  custom:framework-win-MediaFoundation: 216162199b28c13a410421893ffa2e32 -> 
  custom:video-decoder-ogg-theora: a1e56fd34408186e4bbccfd4996cb3dc -> 
  custom:container-muxer-webm: aa71ff27fc2769a1b78a27578f13a17b -> 
  custom:container-demuxer-webm: 4f35f7cbe854078d1ac9338744f61a02 -> 
  custom:container-demuxer-ogg: 62fdf1f143b41e24485cea50d1cbac27 -> 
  custom:video-encoder-webm-vp8: eb34c28f22e8b96e1ab97ce403110664 -> 
  custom:video-decoder-webm-vp8: 9c59270c3fd7afecdb556c50c9e8de78 -> 
  custom:audio-decoder-ogg-vorbis: bf7c407c2cedff20999df2af8eb42d56 -> 
  custom:audio-encoder-webm-vorbis: bf7c407c2cedff20999df2af8eb42d56 -> 
========================================================================
Received Import Request.
  path: Assets/Script
  artifactKey: Guid(f56b44d57ec4a264c925a3520d21c0d4) Importer(815301076,1909f56bfc062723c751e8b465ee728b)
Start importing Assets/Script using Guid(f56b44d57ec4a264c925a3520d21c0d4) Importer(815301076,1909f56bfc062723c751e8b465ee728b)  -> (artifact id: 'aa4d200986c63d9366b1f318f9e229f2') in 0.016671 seconds 
========================================================================
Received Import Request.
  Time since last request: 3.756191 seconds.
  path: Assets/Scripts
  artifactKey: Guid(f56b44d57ec4a264c925a3520d21c0d4) Importer(815301076,1909f56bfc062723c751e8b465ee728b)
Start importing Assets/Scripts using Guid(f56b44d57ec4a264c925a3520d21c0d4) Importer(815301076,1909f56bfc062723c751e8b465ee728b)  -> (artifact id: 'f54cf59635f2b457a72398632325a53c') in 0.008831 seconds 
========================================================================
Received Import Request.
  Time since last request: 999.998405 seconds.
  path: Assets
  artifactKey: Guid(00000000000000001000000000000000) Importer(815301076,1909f56bfc062723c751e8b465ee728b)
Start importing Assets using Guid(00000000000000001000000000000000) Importer(815301076,1909f56bfc062723c751e8b465ee728b)  -> (artifact id: '42d402b061de3733987d63b9cc3b64de') in 0.010259 seconds 
========================================================================
Received Import Request.
  Time since last request: 4.000192 seconds.
  path: Assets/Prfabs
  artifactKey: Guid(1e2e87bc27a0efb4ba242b5c8877cff6) Importer(815301076,1909f56bfc062723c751e8b465ee728b)
Start importing Assets/Prfabs using Guid(1e2e87bc27a0efb4ba242b5c8877cff6) Importer(815301076,1909f56bfc062723c751e8b465ee728b)  -> (artifact id: '97bcf3d94e8366cdeb5057c0d919a179') in 0.009275 seconds 
========================================================================
Received Import Request.
  Time since last request: 6.891299 seconds.
  path: Assets/Prefabs
  artifactKey: Guid(1e2e87bc27a0efb4ba242b5c8877cff6) Importer(815301076,1909f56bfc062723c751e8b465ee728b)
Start importing Assets/Prefabs using Guid(1e2e87bc27a0efb4ba242b5c8877cff6) Importer(815301076,1909f56bfc062723c751e8b465ee728b)  -> (artifact id: 'f684625990a6b7fb02178d8cb6d76e54') in 0.009175 seconds 
========================================================================
Received Import Request.
  Time since last request: 5.047708 seconds.
  path: Assets/Prefabs/Crate.prefab
  artifactKey: Guid(962a2ad6a94de724ba772180c24d558b) Importer(815301076,1909f56bfc062723c751e8b465ee728b)
Start importing Assets/Prefabs/Crate.prefab using Guid(962a2ad6a94de724ba772180c24d558b) Importer(815301076,1909f56bfc062723c751e8b465ee728b)  -> (artifact id: '3151f24444dce69fc11e92ad1cf452fd') in 0.131910 seconds 
========================================================================
Received Import Request.
  Time since last request: 1684.063191 seconds.
  path: Assets/Prefabs/Crate Small.prefab
  artifactKey: Guid(962a2ad6a94de724ba772180c24d558b) Importer(815301076,1909f56bfc062723c751e8b465ee728b)
Start importing Assets/Prefabs/Crate Small.prefab using Guid(962a2ad6a94de724ba772180c24d558b) Importer(815301076,1909f56bfc062723c751e8b465ee728b)  -> (artifact id: '90c3b7383c3f6281b7d30bda438f9695') in 0.020590 seconds 
========================================================================
Received Import Request.
  Time since last request: 218.179626 seconds.
  path: Assets/Prefabs/Crate Long.prefab
  artifactKey: Guid(79e7ead995a5b1c4eb20d813cbe58cdd) Importer(815301076,1909f56bfc062723c751e8b465ee728b)
Start importing Assets/Prefabs/Crate Long.prefab using Guid(79e7ead995a5b1c4eb20d813cbe58cdd) Importer(815301076,1909f56bfc062723c751e8b465ee728b)  -> (artifact id: '08db0844bd31700f368878e3acbcb745') in 0.019752 seconds 
========================================================================
Received Import Request.
  Time since last request: 7.563979 seconds.
  path: Assets/Prefabs/Crate Large.prefab
  artifactKey: Guid(5755ae2306dadc345b213584ecc96561) Importer(815301076,1909f56bfc062723c751e8b465ee728b)
Start importing Assets/Prefabs/Crate Large.prefab using Guid(5755ae2306dadc345b213584ecc96561) Importer(815301076,1909f56bfc062723c751e8b465ee728b)  -> (artifact id: 'be8ef550a472444d4237ccca7b423aa3') in 0.020246 seconds 
AssetImportWorkerClient::OnTransportError - code=2 error=End of file
